{"numFailedTestSuites":0,"numFailedTests":0,"numPassedTestSuites":5,"numPassedTests":14,"numPendingTestSuites":0,"numPendingTests":0,"numRuntimeErrorTestSuites":0,"numTodoTests":0,"numTotalTestSuites":5,"numTotalTests":14,"openHandles":[],"snapshot":{"added":0,"didUpdate":false,"failure":false,"filesAdded":0,"filesRemoved":0,"filesRemovedList":[],"filesUnmatched":0,"filesUpdated":0,"matched":5,"total":5,"unchecked":0,"uncheckedKeysByFile":[],"unmatched":0,"updated":0},"startTime":1659382102517,"success":true,"testResults":[{"assertionResults":[{"ancestorTitles":["<SubHeader />","Snapshot"],"duration":50,"failureMessages":[],"fullName":"<SubHeader /> Snapshot Deve corresponder ao Snapshot","location":null,"status":"passed","title":"Deve corresponder ao Snapshot"},{"ancestorTitles":["<SubHeader />","Comportamento","Botões"],"duration":12,"failureMessages":[],"fullName":"<SubHeader /> Comportamento Botões Deve renderizar botão Overview","location":null,"status":"passed","title":"Deve renderizar botão Overview"},{"ancestorTitles":["<SubHeader />","Comportamento","Botões"],"duration":11,"failureMessages":[],"fullName":"<SubHeader /> Comportamento Botões Deve renderizar botão Medidas","location":null,"status":"passed","title":"Deve renderizar botão Medidas"},{"ancestorTitles":["<SubHeader />","Comportamento","Botões"],"duration":8,"failureMessages":[],"fullName":"<SubHeader /> Comportamento Botões Deve renderizar botão Métricas","location":null,"status":"passed","title":"Deve renderizar botão Métricas"}],"endTime":1659382104466,"message":"","name":"/usr/src/src/shared/components/SubHeader/tests/SubHeader.spec.tsx","startTime":1659382103098,"status":"passed","summary":""},{"assertionResults":[{"ancestorTitles":["<Header />","Snapshot"],"duration":69,"failureMessages":[],"fullName":"<Header /> Snapshot Deve corresponder ao Snapshot","location":null,"status":"passed","title":"Deve corresponder ao Snapshot"},{"ancestorTitles":["<Header />","Comportamento","Botões"],"duration":20,"failureMessages":[],"fullName":"<Header /> Comportamento Botões Deve renderizar botão Organizações","location":null,"status":"passed","title":"Deve renderizar botão Organizações"},{"ancestorTitles":["<Header />","Comportamento","Botões"],"duration":13,"failureMessages":[],"fullName":"<Header /> Comportamento Botões Deve renderizar botão Projetos","location":null,"status":"passed","title":"Deve renderizar botão Projetos"},{"ancestorTitles":["<Header />","Comportamento","Logo"],"duration":50,"failureMessages":[],"fullName":"<Header /> Comportamento Logo Deve renderizar a logo","location":null,"status":"passed","title":"Deve renderizar a logo"}],"endTime":1659382104533,"message":"","name":"/usr/src/src/shared/components/Header/tests/Header.spec.tsx","startTime":1659382103113,"status":"passed","summary":""},{"assertionResults":[{"ancestorTitles":["<Layout />","Snapshot"],"duration":74,"failureMessages":[],"fullName":"<Layout /> Snapshot Deve corresponder ao Snapshot","location":null,"status":"passed","title":"Deve corresponder ao Snapshot"},{"ancestorTitles":["<Layout />","Comportamento"],"duration":65,"failureMessages":[],"fullName":"<Layout /> Comportamento Deve mostrar apenas o Layout principal","location":null,"status":"passed","title":"Deve mostrar apenas o Layout principal"},{"ancestorTitles":["<Layout />","Comportamento"],"duration":33,"failureMessages":[],"fullName":"<Layout /> Comportamento Deve mostrar Layout com subheader","location":null,"status":"passed","title":"Deve mostrar Layout com subheader"}],"endTime":1659382104593,"message":"","name":"/usr/src/src/shared/components/Layout/tests/Layout.spec.tsx","startTime":1659382103104,"status":"passed","summary":""},{"assertionResults":[{"ancestorTitles":["<Measures />","Snapshot"],"duration":37,"failureMessages":[],"fullName":"<Measures /> Snapshot Deve corresponder ao Snapshot","location":null,"status":"passed","title":"Deve corresponder ao Snapshot"}],"endTime":1659382104684,"message":"","name":"/usr/src/src/pages/projects/[projectId]/measures/tests/Measures.spec.tsx","startTime":1659382103100,"status":"passed","summary":""},{"assertionResults":[{"ancestorTitles":["<CardNavigation />","Snapshot"],"duration":53,"failureMessages":[],"fullName":"<CardNavigation /> Snapshot Deve corresponder ao Snapshot","location":null,"status":"passed","title":"Deve corresponder ao Snapshot"},{"ancestorTitles":["<CardNavigation />","Comportamento"],"duration":52,"failureMessages":[],"fullName":"<CardNavigation /> Comportamento Deve executar a ação de clique","location":null,"status":"passed","title":"Deve executar a ação de clique"}],"endTime":1659382107181,"message":"","name":"/usr/src/src/shared/components/CardNavigation/tests/CardNavigation.spec.tsx","startTime":1659382103117,"status":"passed","summary":""}],"wasInterrupted":false,"coverageMap":{"/usr/src/src/shared/components/SubHeader/styles.ts":{"path":"/usr/src/src/shared/components/SubHeader/styles.ts","statementMap":{"0":{"start":{"line":5,"column":23},"end":{"line":9,"column":1}},"1":{"start":{"line":15,"column":22},"end":{"line":29,"column":1}},"2":{"start":{"line":24,"column":39},"end":{"line":24,"column":75}}},"fnMap":{"0":{"name":"(anonymous_0)","decl":{"start":{"line":24,"column":19},"end":{"line":24,"column":20}},"loc":{"start":{"line":24,"column":39},"end":{"line":24,"column":75}},"line":24}},"branchMap":{"0":{"loc":{"start":{"line":24,"column":39},"end":{"line":24,"column":75}},"type":"cond-expr","locations":[{"start":{"line":24,"column":51},"end":{"line":24,"column":68}},{"start":{"line":24,"column":71},"end":{"line":24,"column":75}}],"line":24}},"s":{"0":3,"1":3,"2":30},"f":{"0":30},"b":{"0":[10,20]},"_coverageSchema":"1a1c01bbd47fc00a2c39e90264f33305004495a9","hash":"1fcdeaf90f489974586b690e62be8f3bf3ab3e67"},"/usr/src/src/shared/components/SubHeader/consts.ts":{"path":"/usr/src/src/shared/components/SubHeader/consts.ts","statementMap":{"0":{"start":{"line":1,"column":26},"end":{"line":8,"column":1}}},"fnMap":{},"branchMap":{},"s":{"0":3},"f":{},"b":{},"_coverageSchema":"1a1c01bbd47fc00a2c39e90264f33305004495a9","hash":"a63beabe12074e513b0ff15f4d6d5e42a4f4596b"},"/usr/src/src/shared/components/SubHeader/SubHeader.tsx":{"path":"/usr/src/src/shared/components/SubHeader/SubHeader.tsx","statementMap":{"0":{"start":{"line":11,"column":56},"end":{"line":11,"column":73}},"1":{"start":{"line":19,"column":20},"end":{"line":21,"column":1}},"2":{"start":{"line":20,"column":2},"end":{"line":20,"column":42}},"3":{"start":{"line":27,"column":6},"end":{"line":27,"column":17}},"4":{"start":{"line":29,"column":23},"end":{"line":29,"column":42}},"5":{"start":{"line":31,"column":38},"end":{"line":47,"column":3}},"6":{"start":{"line":49,"column":2},"end":{"line":63,"column":4}},"7":{"start":{"line":54,"column":12},"end":{"line":58,"column":19}}},"fnMap":{"0":{"name":"(anonymous_0)","decl":{"start":{"line":19,"column":20},"end":{"line":19,"column":21}},"loc":{"start":{"line":19,"column":38},"end":{"line":21,"column":1}},"line":19},"1":{"name":"SubHeader","decl":{"start":{"line":23,"column":9},"end":{"line":23,"column":18}},"loc":{"start":{"line":23,"column":21},"end":{"line":64,"column":1}},"line":23},"2":{"name":"(anonymous_2)","decl":{"start":{"line":53,"column":23},"end":{"line":53,"column":24}},"loc":{"start":{"line":54,"column":12},"end":{"line":58,"column":19}},"line":54}},"branchMap":{},"s":{"0":3,"1":3,"2":5,"3":5,"4":5,"5":5,"6":5,"7":15},"f":{"0":5,"1":5,"2":15},"b":{},"_coverageSchema":"1a1c01bbd47fc00a2c39e90264f33305004495a9","hash":"e17a89778ad0ad4306a57d58c4118e63030132b3"},"/usr/src/src/shared/components/Header/consts.ts":{"path":"/usr/src/src/shared/components/Header/consts.ts","statementMap":{"0":{"start":{"line":1,"column":22},"end":{"line":15,"column":1}}},"fnMap":{},"branchMap":{},"s":{"0":3},"f":{},"b":{},"_coverageSchema":"1a1c01bbd47fc00a2c39e90264f33305004495a9","hash":"7d87cc9b13ce281116654abe1ff8ef21af7fa8a9"},"/usr/src/src/shared/components/Header/styles.ts":{"path":"/usr/src/src/shared/components/Header/styles.ts","statementMap":{"0":{"start":{"line":3,"column":23},"end":{"line":7,"column":1}},"1":{"start":{"line":9,"column":20},"end":{"line":11,"column":1}}},"fnMap":{},"branchMap":{},"s":{"0":3,"1":3},"f":{},"b":{},"_coverageSchema":"1a1c01bbd47fc00a2c39e90264f33305004495a9","hash":"561b4f87bfcec46de4c4122044a571abf61285b7"},"/usr/src/src/shared/components/Header/Header.tsx":{"path":"/usr/src/src/shared/components/Header/Header.tsx","statementMap":{"0":{"start":{"line":9,"column":41},"end":{"line":9,"column":54}},"1":{"start":{"line":12,"column":2},"end":{"line":32,"column":4}},"2":{"start":{"line":22,"column":14},"end":{"line":26,"column":20}}},"fnMap":{"0":{"name":"Header","decl":{"start":{"line":11,"column":9},"end":{"line":11,"column":15}},"loc":{"start":{"line":11,"column":18},"end":{"line":33,"column":1}},"line":11},"1":{"name":"(anonymous_1)","decl":{"start":{"line":21,"column":32},"end":{"line":21,"column":33}},"loc":{"start":{"line":22,"column":14},"end":{"line":26,"column":20}},"line":22}},"branchMap":{},"s":{"0":3,"1":7,"2":14},"f":{"0":7,"1":14},"b":{},"_coverageSchema":"1a1c01bbd47fc00a2c39e90264f33305004495a9","hash":"6c14b015c29c65a8e9e73b320497aad38c57bda9"},"/usr/src/src/shared/components/Header/index.ts":{"path":"/usr/src/src/shared/components/Header/index.ts","statementMap":{},"fnMap":{},"branchMap":{},"s":{},"f":{},"b":{},"_coverageSchema":"1a1c01bbd47fc00a2c39e90264f33305004495a9","hash":"987d625965a8d665d46876032ddb46dde4f18737"},"/usr/src/src/shared/components/SubHeader/index.ts":{"path":"/usr/src/src/shared/components/SubHeader/index.ts","statementMap":{},"fnMap":{},"branchMap":{},"s":{},"f":{},"b":{},"_coverageSchema":"1a1c01bbd47fc00a2c39e90264f33305004495a9","hash":"c837ae292d0dfe2ca238fd470131e326a4bbb69b"},"/usr/src/src/shared/components/Layout/styles.ts":{"path":"/usr/src/src/shared/components/Layout/styles.ts","statementMap":{"0":{"start":{"line":3,"column":23},"end":{"line":8,"column":1}},"1":{"start":{"line":10,"column":25},"end":{"line":15,"column":1}}},"fnMap":{},"branchMap":{},"s":{"0":2,"1":2},"f":{},"b":{},"_coverageSchema":"1a1c01bbd47fc00a2c39e90264f33305004495a9","hash":"86206d17987b909e59bca26c3a94db43a0b9c998"},"/usr/src/src/shared/components/Layout/Layout.tsx":{"path":"/usr/src/src/shared/components/Layout/Layout.tsx","statementMap":{"0":{"start":{"line":13,"column":32},"end":{"line":28,"column":1}},"1":{"start":{"line":14,"column":20},"end":{"line":14,"column":31}},"2":{"start":{"line":16,"column":23},"end":{"line":16,"column":39}},"3":{"start":{"line":18,"column":2},"end":{"line":27,"column":4}}},"fnMap":{"0":{"name":"(anonymous_0)","decl":{"start":{"line":13,"column":32},"end":{"line":13,"column":33}},"loc":{"start":{"line":13,"column":50},"end":{"line":28,"column":1}},"line":13}},"branchMap":{"0":{"loc":{"start":{"line":22,"column":9},"end":{"line":22,"column":38}},"type":"binary-expr","locations":[{"start":{"line":22,"column":9},"end":{"line":22,"column":21}},{"start":{"line":22,"column":25},"end":{"line":22,"column":38}}],"line":22}},"s":{"0":2,"1":3,"2":3,"3":3},"f":{"0":3},"b":{"0":[3,1]},"_coverageSchema":"1a1c01bbd47fc00a2c39e90264f33305004495a9","hash":"fee625a136504d7a658451009049457099ba8bf5"},"/usr/src/src/shared/utils/formatMeasuresHistory.ts":{"path":"/usr/src/src/shared/utils/formatMeasuresHistory.ts","statementMap":{"0":{"start":{"line":5,"column":35},"end":{"line":11,"column":7}},"1":{"start":{"line":6,"column":2},"end":{"line":11,"column":7}},"2":{"start":{"line":7,"column":40},"end":{"line":7,"column":88}},"3":{"start":{"line":8,"column":39},"end":{"line":8,"column":67}},"4":{"start":{"line":10,"column":4},"end":{"line":10,"column":95}},"5":{"start":{"line":13,"column":31},"end":{"line":13,"column":79}},"6":{"start":{"line":13,"column":50},"end":{"line":13,"column":79}},"7":{"start":{"line":15,"column":39},"end":{"line":84,"column":1}},"8":{"start":{"line":16,"column":31},"end":{"line":16,"column":33}},"9":{"start":{"line":18,"column":20},"end":{"line":20,"column":3}},"10":{"start":{"line":19,"column":4},"end":{"line":19,"column":79}},"11":{"start":{"line":22,"column":17},"end":{"line":31,"column":4}},"12":{"start":{"line":23,"column":4},"end":{"line":23,"column":31}},"13":{"start":{"line":25,"column":4},"end":{"line":30,"column":6}},"14":{"start":{"line":27,"column":41},"end":{"line":27,"column":77}},"15":{"start":{"line":33,"column":2},"end":{"line":83,"column":4}}},"fnMap":{"0":{"name":"(anonymous_0)","decl":{"start":{"line":5,"column":35},"end":{"line":5,"column":36}},"loc":{"start":{"line":6,"column":2},"end":{"line":11,"column":7}},"line":6},"1":{"name":"(anonymous_1)","decl":{"start":{"line":6,"column":32},"end":{"line":6,"column":33}},"loc":{"start":{"line":6,"column":76},"end":{"line":11,"column":3}},"line":6},"2":{"name":"(anonymous_2)","decl":{"start":{"line":13,"column":31},"end":{"line":13,"column":32}},"loc":{"start":{"line":13,"column":50},"end":{"line":13,"column":79}},"line":13},"3":{"name":"(anonymous_3)","decl":{"start":{"line":15,"column":39},"end":{"line":15,"column":40}},"loc":{"start":{"line":15,"column":97},"end":{"line":84,"column":1}},"line":15},"4":{"name":"(anonymous_4)","decl":{"start":{"line":18,"column":107},"end":{"line":18,"column":108}},"loc":{"start":{"line":19,"column":4},"end":{"line":19,"column":79}},"line":19},"5":{"name":"(anonymous_5)","decl":{"start":{"line":22,"column":44},"end":{"line":22,"column":45}},"loc":{"start":{"line":22,"column":54},"end":{"line":31,"column":3}},"line":22},"6":{"name":"(anonymous_6)","decl":{"start":{"line":27,"column":29},"end":{"line":27,"column":30}},"loc":{"start":{"line":27,"column":41},"end":{"line":27,"column":77}},"line":27}},"branchMap":{"0":{"loc":{"start":{"line":10,"column":11},"end":{"line":10,"column":94}},"type":"cond-expr","locations":[{"start":{"line":10,"column":70},"end":{"line":10,"column":82}},{"start":{"line":10,"column":85},"end":{"line":10,"column":94}}],"line":10}},"s":{"0":1,"1":1,"2":1,"3":1,"4":1,"5":1,"6":1,"7":1,"8":1,"9":1,"10":1,"11":1,"12":1,"13":1,"14":1,"15":1},"f":{"0":1,"1":1,"2":1,"3":1,"4":1,"5":1,"6":1},"b":{"0":[0,1]},"_coverageSchema":"1a1c01bbd47fc00a2c39e90264f33305004495a9","hash":"b92551de5c54984db1f5c37d9cacef8e854a32d8"},"/usr/src/src/shared/components/Layout/getLayout.tsx":{"path":"/usr/src/src/shared/components/Layout/getLayout.tsx","statementMap":{"0":{"start":{"line":6,"column":2},"end":{"line":6,"column":33}}},"fnMap":{"0":{"name":"getLayout","decl":{"start":{"line":5,"column":16},"end":{"line":5,"column":25}},"loc":{"start":{"line":5,"column":46},"end":{"line":7,"column":1}},"line":5}},"branchMap":{},"s":{"0":0},"f":{"0":0},"b":{},"_coverageSchema":"1a1c01bbd47fc00a2c39e90264f33305004495a9","hash":"347eb441b8c3ccc02783ca88ab1ba48e6bcf0570"},"/usr/src/src/shared/components/Layout/index.ts":{"path":"/usr/src/src/shared/components/Layout/index.ts","statementMap":{},"fnMap":{},"branchMap":{},"s":{},"f":{},"b":{},"_coverageSchema":"1a1c01bbd47fc00a2c39e90264f33305004495a9","hash":"4f9a2dead2f112af219b88784af49c4c8711d5be"},"/usr/src/src/pages/projects/[projectId]/measures/Measures.tsx":{"path":"/usr/src/src/pages/projects/[projectId]/measures/Measures.tsx","statementMap":{"0":{"start":{"line":14,"column":37},"end":{"line":39,"column":1}},"1":{"start":{"line":15,"column":42},"end":{"line":15,"column":67}},"2":{"start":{"line":17,"column":37},"end":{"line":17,"column":47}},"3":{"start":{"line":19,"column":2},"end":{"line":26,"column":31}},"4":{"start":{"line":20,"column":4},"end":{"line":20,"column":40}},"5":{"start":{"line":20,"column":33},"end":{"line":20,"column":40}},"6":{"start":{"line":22,"column":32},"end":{"line":24,"column":5}},"7":{"start":{"line":25,"column":4},"end":{"line":25,"column":41}},"8":{"start":{"line":28,"column":2},"end":{"line":30,"column":3}},"9":{"start":{"line":29,"column":4},"end":{"line":29,"column":16}},"10":{"start":{"line":32,"column":2},"end":{"line":38,"column":4}},"11":{"start":{"line":41,"column":0},"end":{"line":41,"column":31}}},"fnMap":{"0":{"name":"(anonymous_0)","decl":{"start":{"line":14,"column":37},"end":{"line":14,"column":38}},"loc":{"start":{"line":14,"column":43},"end":{"line":39,"column":1}},"line":14},"1":{"name":"(anonymous_1)","decl":{"start":{"line":19,"column":12},"end":{"line":19,"column":13}},"loc":{"start":{"line":19,"column":18},"end":{"line":26,"column":3}},"line":19}},"branchMap":{"0":{"loc":{"start":{"line":20,"column":4},"end":{"line":20,"column":40}},"type":"if","locations":[{"start":{"line":20,"column":4},"end":{"line":20,"column":40}},{"start":{},"end":{}}],"line":20},"1":{"loc":{"start":{"line":28,"column":2},"end":{"line":30,"column":3}},"type":"if","locations":[{"start":{"line":28,"column":2},"end":{"line":30,"column":3}},{"start":{},"end":{}}],"line":28}},"s":{"0":1,"1":2,"2":2,"3":2,"4":1,"5":0,"6":1,"7":1,"8":2,"9":1,"10":1,"11":1},"f":{"0":2,"1":1},"b":{"0":[0,1],"1":[1,1]},"_coverageSchema":"1a1c01bbd47fc00a2c39e90264f33305004495a9","hash":"31480210f65c0a82f09ce11bbf5398b9d10b53b6"},"/usr/src/src/pages/projects/[projectId]/measures/tests/mocks.ts":{"path":"/usr/src/src/pages/projects/[projectId]/measures/tests/mocks.ts","statementMap":{"0":{"start":{"line":1,"column":28},"end":{"line":21,"column":1}}},"fnMap":{},"branchMap":{},"s":{"0":1},"f":{},"b":{},"_coverageSchema":"1a1c01bbd47fc00a2c39e90264f33305004495a9","hash":"a1f0aaf0eb605563a982864b571b29620810614f"},"/usr/src/src/shared/components/CardNavigation/styles.ts":{"path":"/usr/src/src/shared/components/CardNavigation/styles.ts","statementMap":{"0":{"start":{"line":3,"column":22},"end":{"line":12,"column":1}}},"fnMap":{},"branchMap":{},"s":{"0":1},"f":{},"b":{},"_coverageSchema":"1a1c01bbd47fc00a2c39e90264f33305004495a9","hash":"a604a391b37efb1a06510bd0b08ad586192f7c31"},"/usr/src/src/shared/components/CardNavigation/CardNavigation.tsx":{"path":"/usr/src/src/shared/components/CardNavigation/CardNavigation.tsx","statementMap":{"0":{"start":{"line":15,"column":40},"end":{"line":29,"column":1}},"1":{"start":{"line":16,"column":2},"end":{"line":28,"column":11}}},"fnMap":{"0":{"name":"(anonymous_0)","decl":{"start":{"line":15,"column":40},"end":{"line":15,"column":41}},"loc":{"start":{"line":16,"column":2},"end":{"line":28,"column":11}},"line":16}},"branchMap":{},"s":{"0":1,"1":2},"f":{"0":2},"b":{},"_coverageSchema":"1a1c01bbd47fc00a2c39e90264f33305004495a9","hash":"f03a94eb50e111b2d2072b6d03d623ceb66ebb69"},"/usr/src/src/pages/index.page.ts":{"path":"/usr/src/src/pages/index.page.ts","statementMap":{},"fnMap":{},"branchMap":{},"s":{},"f":{},"b":{}},"/usr/src/src/pages/_document.next.tsx":{"path":"/usr/src/src/pages/_document.next.tsx","statementMap":{"0":{"start":{"line":6,"column":4},"end":{"line":29,"column":6}}},"fnMap":{"0":{"name":"(anonymous_0)","decl":{"start":{"line":5,"column":2},"end":{"line":5,"column":3}},"loc":{"start":{"line":5,"column":11},"end":{"line":30,"column":3}},"line":5}},"branchMap":{},"s":{"0":0},"f":{"0":0},"b":{}},"/usr/src/src/shared/components/CardNavigation/index.ts":{"path":"/usr/src/src/shared/components/CardNavigation/index.ts","statementMap":{},"fnMap":{},"branchMap":{},"s":{},"f":{},"b":{}},"/usr/src/src/pages/projects/index.page.ts":{"path":"/usr/src/src/pages/projects/index.page.ts","statementMap":{},"fnMap":{},"branchMap":{},"s":{},"f":{},"b":{}},"/usr/src/src/pages/api/hello.ts":{"path":"/usr/src/src/pages/api/hello.ts","statementMap":{"0":{"start":{"line":9,"column":2},"end":{"line":9,"column":39}}},"fnMap":{"0":{"name":"handler","decl":{"start":{"line":8,"column":24},"end":{"line":8,"column":31}},"loc":{"start":{"line":8,"column":81},"end":{"line":10,"column":1}},"line":8}},"branchMap":{},"s":{"0":0},"f":{"0":0},"b":{}},"/usr/src/src/pages/projects/Projects.tsx":{"path":"/usr/src/src/pages/projects/Projects.tsx","statementMap":{"0":{"start":{"line":11,"column":37},"end":{"line":40,"column":1}},"1":{"start":{"line":12,"column":21},"end":{"line":17,"column":3}},"2":{"start":{"line":19,"column":2},"end":{"line":39,"column":4}},"3":{"start":{"line":33,"column":14},"end":{"line":33,"column":117}},"4":{"start":{"line":42,"column":0},"end":{"line":42,"column":31}}},"fnMap":{"0":{"name":"(anonymous_0)","decl":{"start":{"line":11,"column":37},"end":{"line":11,"column":38}},"loc":{"start":{"line":11,"column":43},"end":{"line":40,"column":1}},"line":11},"1":{"name":"(anonymous_1)","decl":{"start":{"line":32,"column":28},"end":{"line":32,"column":29}},"loc":{"start":{"line":33,"column":14},"end":{"line":33,"column":117}},"line":33}},"branchMap":{},"s":{"0":0,"1":0,"2":0,"3":0,"4":0},"f":{"0":0,"1":0},"b":{}},"/usr/src/src/shared/services/api.ts":{"path":"/usr/src/src/shared/services/api.ts","statementMap":{"0":{"start":{"line":3,"column":12},"end":{"line":5,"column":2}},"1":{"start":{"line":7,"column":0},"end":{"line":14,"column":2}},"2":{"start":{"line":9,"column":4},"end":{"line":9,"column":18}},"3":{"start":{"line":12,"column":4},"end":{"line":12,"column":23}}},"fnMap":{"0":{"name":"(anonymous_0)","decl":{"start":{"line":8,"column":2},"end":{"line":8,"column":3}},"loc":{"start":{"line":8,"column":20},"end":{"line":10,"column":3}},"line":8},"1":{"name":"(anonymous_1)","decl":{"start":{"line":11,"column":2},"end":{"line":11,"column":3}},"loc":{"start":{"line":11,"column":13},"end":{"line":13,"column":3}},"line":11}},"branchMap":{},"s":{"0":0,"1":0,"2":0,"3":0},"f":{"0":0,"1":0},"b":{}},"/usr/src/src/shared/components/Theme/index.ts":{"path":"/usr/src/src/shared/components/Theme/index.ts","statementMap":{},"fnMap":{},"branchMap":{},"s":{},"f":{},"b":{}},"/usr/src/src/shared/types/project.ts":{"path":"/usr/src/src/shared/types/project.ts","statementMap":{},"fnMap":{},"branchMap":{},"s":{},"f":{},"b":{}},"/usr/src/src/shared/components/Theme/palette.ts":{"path":"/usr/src/src/shared/components/Theme/palette.ts","statementMap":{"0":{"start":{"line":3,"column":30},"end":{"line":12,"column":1}}},"fnMap":{},"branchMap":{},"s":{"0":0},"f":{},"b":{}},"/usr/src/src/shared/components/Theme/Theme.tsx":{"path":"/usr/src/src/shared/components/Theme/Theme.tsx","statementMap":{"0":{"start":{"line":7,"column":14},"end":{"line":7,"column":41}},"1":{"start":{"line":13,"column":31},"end":{"line":15,"column":1}},"2":{"start":{"line":14,"column":2},"end":{"line":14,"column":65}}},"fnMap":{"0":{"name":"(anonymous_0)","decl":{"start":{"line":13,"column":31},"end":{"line":13,"column":32}},"loc":{"start":{"line":13,"column":49},"end":{"line":15,"column":1}},"line":13}},"branchMap":{},"s":{"0":0,"1":0,"2":0},"f":{"0":0},"b":{}},"/usr/src/src/shared/services/index.ts":{"path":"/usr/src/src/shared/services/index.ts","statementMap":{},"fnMap":{},"branchMap":{},"s":{},"f":{},"b":{}},"/usr/src/src/pages/projects/[projectId]/measures/index.page.ts":{"path":"/usr/src/src/pages/projects/[projectId]/measures/index.page.ts","statementMap":{},"fnMap":{},"branchMap":{},"s":{},"f":{},"b":{}},"/usr/src/src/pages/projects/[projectId]/measures/styles.ts":{"path":"/usr/src/src/pages/projects/[projectId]/measures/styles.ts","statementMap":{"0":{"start":{"line":3,"column":15},"end":{"line":12,"column":1}}},"fnMap":{},"branchMap":{},"s":{"0":0},"f":{},"b":{}},"/usr/src/src/pages/index/Organizations.tsx":{"path":"/usr/src/src/pages/index/Organizations.tsx","statementMap":{"0":{"start":{"line":10,"column":42},"end":{"line":44,"column":1}},"1":{"start":{"line":11,"column":21},"end":{"line":16,"column":3}},"2":{"start":{"line":18,"column":2},"end":{"line":43,"column":4}},"3":{"start":{"line":32,"column":14},"end":{"line":37,"column":16}},"4":{"start":{"line":46,"column":0},"end":{"line":46,"column":36}}},"fnMap":{"0":{"name":"(anonymous_0)","decl":{"start":{"line":10,"column":42},"end":{"line":10,"column":43}},"loc":{"start":{"line":10,"column":48},"end":{"line":44,"column":1}},"line":10},"1":{"name":"(anonymous_1)","decl":{"start":{"line":31,"column":28},"end":{"line":31,"column":29}},"loc":{"start":{"line":32,"column":14},"end":{"line":37,"column":16}},"line":32}},"branchMap":{},"s":{"0":0,"1":0,"2":0,"3":0,"4":0},"f":{"0":0,"1":0},"b":{}},"/usr/src/src/shared/customTypes/project.ts":{"path":"/usr/src/src/shared/customTypes/project.ts","statementMap":{},"fnMap":{},"branchMap":{},"s":{},"f":{},"b":{}},"/usr/src/src/pages/projects/[projectId]/metrics/styles.ts":{"path":"/usr/src/src/pages/projects/[projectId]/metrics/styles.ts","statementMap":{"0":{"start":{"line":3,"column":15},"end":{"line":12,"column":1}}},"fnMap":{},"branchMap":{},"s":{"0":0},"f":{},"b":{}},"/usr/src/src/pages/projects/[projectId]/metrics/index.page.ts":{"path":"/usr/src/src/pages/projects/[projectId]/metrics/index.page.ts","statementMap":{},"fnMap":{},"branchMap":{},"s":{},"f":{},"b":{}},"/usr/src/src/pages/projects/components/ProjectContent/styles.ts":{"path":"/usr/src/src/pages/projects/components/ProjectContent/styles.ts","statementMap":{"0":{"start":{"line":3,"column":15},"end":{"line":12,"column":1}}},"fnMap":{},"branchMap":{},"s":{"0":0},"f":{},"b":{}},"/usr/src/src/pages/projects/components/ProjectContent/index.ts":{"path":"/usr/src/src/pages/projects/components/ProjectContent/index.ts","statementMap":{},"fnMap":{},"branchMap":{},"s":{},"f":{},"b":{}},"/usr/src/src/pages/index/styles.ts":{"path":"/usr/src/src/pages/index/styles.ts","statementMap":{"0":{"start":{"line":3,"column":15},"end":{"line":12,"column":1}}},"fnMap":{},"branchMap":{},"s":{"0":0},"f":{},"b":{}},"/usr/src/src/pages/projects/components/Skeleton/index.ts":{"path":"/usr/src/src/pages/projects/components/Skeleton/index.ts","statementMap":{},"fnMap":{},"branchMap":{},"s":{},"f":{},"b":{}},"/usr/src/src/pages/projects/[projectId]/index.page.ts":{"path":"/usr/src/src/pages/projects/[projectId]/index.page.ts","statementMap":{},"fnMap":{},"branchMap":{},"s":{},"f":{},"b":{}},"/usr/src/src/pages/projects/components/Skeleton/Skeleton.tsx":{"path":"/usr/src/src/pages/projects/components/Skeleton/Skeleton.tsx","statementMap":{"0":{"start":{"line":6,"column":2},"end":{"line":19,"column":4}}},"fnMap":{"0":{"name":"Skeleton","decl":{"start":{"line":5,"column":9},"end":{"line":5,"column":17}},"loc":{"start":{"line":5,"column":20},"end":{"line":20,"column":1}},"line":5}},"branchMap":{},"s":{"0":0},"f":{"0":0},"b":{}},"/usr/src/src/pages/projects/[projectId]/metrics/Metrics.tsx":{"path":"/usr/src/src/pages/projects/[projectId]/metrics/Metrics.tsx","statementMap":{"0":{"start":{"line":14,"column":36},"end":{"line":48,"column":1}},"1":{"start":{"line":15,"column":21},"end":{"line":22,"column":3}},"2":{"start":{"line":24,"column":25},"end":{"line":26,"column":4}},"3":{"start":{"line":28,"column":2},"end":{"line":47,"column":4}},"4":{"start":{"line":50,"column":0},"end":{"line":50,"column":30}}},"fnMap":{"0":{"name":"(anonymous_0)","decl":{"start":{"line":14,"column":36},"end":{"line":14,"column":37}},"loc":{"start":{"line":14,"column":42},"end":{"line":48,"column":1}},"line":14}},"branchMap":{},"s":{"0":0,"1":0,"2":0,"3":0,"4":0},"f":{"0":0},"b":{}},"/usr/src/src/pages/projects/[projectId]/hooks/useQuery.ts":{"path":"/usr/src/src/pages/projects/[projectId]/hooks/useQuery.ts","statementMap":{"0":{"start":{"line":8,"column":24},"end":{"line":28,"column":1}},"1":{"start":{"line":9,"column":20},"end":{"line":9,"column":31}},"2":{"start":{"line":10,"column":32},"end":{"line":10,"column":51}},"3":{"start":{"line":13,"column":4},"end":{"line":20,"column":5}},"4":{"start":{"line":14,"column":6},"end":{"line":19,"column":7}},"5":{"start":{"line":15,"column":23},"end":{"line":15,"column":89}},"6":{"start":{"line":16,"column":8},"end":{"line":16,"column":32}},"7":{"start":{"line":18,"column":8},"end":{"line":18,"column":29}},"8":{"start":{"line":23,"column":2},"end":{"line":25,"column":25}},"9":{"start":{"line":24,"column":4},"end":{"line":24,"column":18}},"10":{"start":{"line":27,"column":2},"end":{"line":27,"column":21}}},"fnMap":{"0":{"name":"(anonymous_0)","decl":{"start":{"line":8,"column":24},"end":{"line":8,"column":25}},"loc":{"start":{"line":8,"column":30},"end":{"line":28,"column":1}},"line":8},"1":{"name":"loadProject","decl":{"start":{"line":12,"column":17},"end":{"line":12,"column":28}},"loc":{"start":{"line":12,"column":31},"end":{"line":21,"column":3}},"line":12},"2":{"name":"(anonymous_2)","decl":{"start":{"line":23,"column":12},"end":{"line":23,"column":13}},"loc":{"start":{"line":23,"column":18},"end":{"line":25,"column":3}},"line":23}},"branchMap":{"0":{"loc":{"start":{"line":13,"column":4},"end":{"line":20,"column":5}},"type":"if","locations":[{"start":{"line":13,"column":4},"end":{"line":20,"column":5}},{"start":{},"end":{}}],"line":13}},"s":{"0":0,"1":0,"2":0,"3":0,"4":0,"5":0,"6":0,"7":0,"8":0,"9":0,"10":0},"f":{"0":0,"1":0,"2":0},"b":{"0":[0,0]}},"/usr/src/src/pages/projects/components/ProjectContent/ProjectContent.tsx":{"path":"/usr/src/src/pages/projects/components/ProjectContent/ProjectContent.tsx","statementMap":{"0":{"start":{"line":18,"column":40},"end":{"line":41,"column":1}},"1":{"start":{"line":20,"column":4},"end":{"line":23,"column":6}},"2":{"start":{"line":25,"column":2},"end":{"line":27,"column":3}},"3":{"start":{"line":26,"column":4},"end":{"line":26,"column":24}},"4":{"start":{"line":29,"column":2},"end":{"line":40,"column":4}}},"fnMap":{"0":{"name":"(anonymous_0)","decl":{"start":{"line":18,"column":40},"end":{"line":18,"column":41}},"loc":{"start":{"line":18,"column":57},"end":{"line":41,"column":1}},"line":18}},"branchMap":{"0":{"loc":{"start":{"line":20,"column":4},"end":{"line":23,"column":6}},"type":"binary-expr","locations":[{"start":{"line":20,"column":4},"end":{"line":20,"column":11}},{"start":{"line":21,"column":4},"end":{"line":23,"column":6}}],"line":20},"1":{"loc":{"start":{"line":25,"column":2},"end":{"line":27,"column":3}},"type":"if","locations":[{"start":{"line":25,"column":2},"end":{"line":27,"column":3}},{"start":{},"end":{}}],"line":25}},"s":{"0":0,"1":0,"2":0,"3":0,"4":0},"f":{"0":0},"b":{"0":[0,0],"1":[0,0]}},"/usr/src/src/pages/_app.next.tsx":{"path":"/usr/src/src/pages/_app.next.tsx","statementMap":{"0":{"start":{"line":18,"column":20},"end":{"line":18,"column":59}},"1":{"start":{"line":18,"column":54},"end":{"line":18,"column":58}},"2":{"start":{"line":20,"column":2},"end":{"line":20,"column":66}}},"fnMap":{"0":{"name":"MyApp","decl":{"start":{"line":17,"column":9},"end":{"line":17,"column":14}},"loc":{"start":{"line":17,"column":61},"end":{"line":21,"column":1}},"line":17},"1":{"name":"(anonymous_1)","decl":{"start":{"line":18,"column":44},"end":{"line":18,"column":45}},"loc":{"start":{"line":18,"column":54},"end":{"line":18,"column":58}},"line":18}},"branchMap":{"0":{"loc":{"start":{"line":18,"column":20},"end":{"line":18,"column":59}},"type":"binary-expr","locations":[{"start":{"line":18,"column":20},"end":{"line":18,"column":39}},{"start":{"line":18,"column":44},"end":{"line":18,"column":58}}],"line":18}},"s":{"0":0,"1":0,"2":0},"f":{"0":0,"1":0},"b":{"0":[0,0]}},"/usr/src/src/shared/services/project.ts":{"path":"/usr/src/src/shared/services/project.ts","statementMap":{"0":{"start":{"line":8,"column":21},"end":{"line":8,"column":89}},"1":{"start":{"line":9,"column":4},"end":{"line":9,"column":20}},"2":{"start":{"line":13,"column":21},"end":{"line":13,"column":83}},"3":{"start":{"line":14,"column":4},"end":{"line":14,"column":20}},"4":{"start":{"line":18,"column":16},"end":{"line":18,"column":93}},"5":{"start":{"line":19,"column":21},"end":{"line":19,"column":56}},"6":{"start":{"line":20,"column":4},"end":{"line":20,"column":20}},"7":{"start":{"line":24,"column":28},"end":{"line":24,"column":46}},"8":{"start":{"line":25,"column":0},"end":{"line":25,"column":28}}},"fnMap":{"0":{"name":"(anonymous_0)","decl":{"start":{"line":5,"column":2},"end":{"line":5,"column":3}},"loc":{"start":{"line":5,"column":16},"end":{"line":5,"column":18}},"line":5},"1":{"name":"(anonymous_1)","decl":{"start":{"line":7,"column":2},"end":{"line":7,"column":3}},"loc":{"start":{"line":7,"column":60},"end":{"line":10,"column":3}},"line":7},"2":{"name":"(anonymous_2)","decl":{"start":{"line":12,"column":2},"end":{"line":12,"column":3}},"loc":{"start":{"line":12,"column":48},"end":{"line":15,"column":3}},"line":12},"3":{"name":"(anonymous_3)","decl":{"start":{"line":17,"column":2},"end":{"line":17,"column":3}},"loc":{"start":{"line":17,"column":79},"end":{"line":21,"column":3}},"line":17}},"branchMap":{},"s":{"0":0,"1":0,"2":0,"3":0,"4":0,"5":0,"6":0,"7":0,"8":0},"f":{"0":0,"1":0,"2":0,"3":0},"b":{}},"/usr/src/src/pages/projects/[projectId]/Project.tsx":{"path":"/usr/src/src/pages/projects/[projectId]/Project.tsx","statementMap":{"0":{"start":{"line":14,"column":36},"end":{"line":30,"column":1}},"1":{"start":{"line":15,"column":22},"end":{"line":15,"column":32}},"2":{"start":{"line":17,"column":2},"end":{"line":29,"column":4}},"3":{"start":{"line":32,"column":0},"end":{"line":32,"column":30}}},"fnMap":{"0":{"name":"(anonymous_0)","decl":{"start":{"line":14,"column":36},"end":{"line":14,"column":37}},"loc":{"start":{"line":14,"column":42},"end":{"line":30,"column":1}},"line":14}},"branchMap":{},"s":{"0":0,"1":0,"2":0,"3":0},"f":{"0":0},"b":{}},"/usr/src/src/pages/projects/[projectId]/measures/hooks/useQuery.ts":{"path":"/usr/src/src/pages/projects/[projectId]/measures/hooks/useQuery.ts","statementMap":{"0":{"start":{"line":9,"column":17},"end":{"line":29,"column":1}},"1":{"start":{"line":10,"column":20},"end":{"line":10,"column":31}},"2":{"start":{"line":11,"column":62},"end":{"line":11,"column":89}},"3":{"start":{"line":14,"column":4},"end":{"line":21,"column":5}},"4":{"start":{"line":15,"column":6},"end":{"line":20,"column":7}},"5":{"start":{"line":16,"column":23},"end":{"line":16,"column":100}},"6":{"start":{"line":17,"column":8},"end":{"line":17,"column":47}},"7":{"start":{"line":19,"column":8},"end":{"line":19,"column":21}},"8":{"start":{"line":24,"column":2},"end":{"line":26,"column":23}},"9":{"start":{"line":25,"column":4},"end":{"line":25,"column":33}},"10":{"start":{"line":28,"column":2},"end":{"line":28,"column":36}}},"fnMap":{"0":{"name":"(anonymous_0)","decl":{"start":{"line":9,"column":17},"end":{"line":9,"column":18}},"loc":{"start":{"line":9,"column":23},"end":{"line":29,"column":1}},"line":9},"1":{"name":"loadProjectMeasuresHistory","decl":{"start":{"line":13,"column":17},"end":{"line":13,"column":43}},"loc":{"start":{"line":13,"column":46},"end":{"line":22,"column":3}},"line":13},"2":{"name":"(anonymous_2)","decl":{"start":{"line":24,"column":12},"end":{"line":24,"column":13}},"loc":{"start":{"line":24,"column":18},"end":{"line":26,"column":3}},"line":24}},"branchMap":{"0":{"loc":{"start":{"line":14,"column":4},"end":{"line":21,"column":5}},"type":"if","locations":[{"start":{"line":14,"column":4},"end":{"line":21,"column":5}},{"start":{},"end":{}}],"line":14}},"s":{"0":0,"1":0,"2":0,"3":0,"4":0,"5":0,"6":0,"7":0,"8":0,"9":0,"10":0},"f":{"0":0,"1":0,"2":0},"b":{"0":[0,0]}}}}